# JRE version: OpenJDK Runtime Environment Temurin-17.0.18+8 (17.0.18+8) (build 17.0.18+8)
# Java VM: OpenJDK 64-Bit Server VM Temurin-17.0.18+8 (17.0.18+8, mixed mode, sharing, tiered, compressed oops, compressed class ptrs, g1 gc, windows-amd64)
GC Precious Log:
 CPUs: 8 total, 8 available
 Memory: 15984M
 Large Page Support: Disabled
 NUMA Support: Disabled
 Compressed Oops: Enabled (Zero based)
 Heap Region Size: 2M
 Heap Min Capacity: 8M
 Heap Initial Capacity: 250M
 Heap Max Capacity: 3998M
 Pre-touch: Disabled
 Parallel Workers: 8
 Concurrent Workers: 2
 Concurrent Refinement Workers: 8
 Periodic GC: Disabled
Heap:
 garbage-first heap   total 112640K, used 57417K [0x0000000706200000, 0x0000000800000000)
  region size 2048K, 2 young (4096K), 2 survivors (4096K)
 Metaspace       used 29613K, committed 30016K, reserved 1114112K
  class space    used 3372K, committed 3584K, reserved 1048576K
GC Heap History (20 events):
Event: 18.972 GC heap after
{Heap after GC invocations=6 (full 0):
 garbage-first heap   total 104448K, used 39075K [0x0000000706200000, 0x0000000800000000)
  region size 2048K, 4 young (8192K), 4 survivors (8192K)
 Metaspace       used 25954K, committed 26240K, reserved 1114112K
  class space    used 3007K, committed 3136K, reserved 1048576K
}
Event: 19.001 GC heap before
{Heap before GC invocations=6 (full 0):
 garbage-first heap   total 104448K, used 41123K [0x0000000706200000, 0x0000000800000000)
  region size 2048K, 5 young (10240K), 4 survivors (8192K)
 Metaspace       used 25974K, committed 26304K, reserved 1114112K
  class space    used 3007K, committed 3136K, reserved 1048576K
}
Event: 19.013 GC heap after
{Heap after GC invocations=7 (full 0):
 garbage-first heap   total 104448K, used 41875K [0x0000000706200000, 0x0000000800000000)
  region size 2048K, 1 young (2048K), 1 survivors (2048K)
 Metaspace       used 25974K, committed 26304K, reserved 1114112K
  class space    used 3007K, committed 3136K, reserved 1048576K
}
Event: 21.040 GC heap before
{Heap before GC invocations=7 (full 0):
 garbage-first heap   total 104448K, used 72595K [0x0000000706200000, 0x0000000800000000)
  region size 2048K, 17 young (34816K), 1 survivors (2048K)
 Metaspace       used 27835K, committed 28160K, reserved 1114112K
  class space    used 3205K, committed 3328K, reserved 1048576K
}
Event: 21.048 GC heap after
{Heap after GC invocations=8 (full 0):
 garbage-first heap   total 104448K, used 42994K [0x0000000706200000, 0x0000000800000000)
  region size 2048K, 2 young (4096K), 2 survivors (4096K)
 Metaspace       used 27835K, committed 28160K, reserved 1114112K
  class space    used 3205K, committed 3328K, reserved 1048576K
}
Event: 22.070 GC heap before
{Heap before GC invocations=8 (full 0):
 garbage-first heap   total 104448K, used 73714K [0x0000000706200000, 0x0000000800000000)
  region size 2048K, 18 young (36864K), 2 survivors (4096K)
 Metaspace       used 28887K, committed 29248K, reserved 1114112K
  class space    used 3298K, committed 3456K, reserved 1048576K
}
Event: 22.078 GC heap after
{Heap after GC invocations=9 (full 0):
 garbage-first heap   total 104448K, used 44186K [0x0000000706200000, 0x0000000800000000)
  region size 2048K, 2 young (4096K), 2 survivors (4096K)
 Metaspace       used 28887K, committed 29248K, reserved 1114112K
  class space    used 3298K, committed 3456K, reserved 1048576K
}
Event: 24.386 GC heap before
{Heap before GC invocations=9 (full 0):
 garbage-first heap   total 104448K, used 76954K [0x0000000706200000, 0x0000000800000000)
  region size 2048K, 18 young (36864K), 2 survivors (4096K)
 Metaspace       used 30489K, committed 30848K, reserved 1114112K
  class space    used 3489K, committed 3648K, reserved 1048576K
}
Event: 24.401 GC heap after
{Heap after GC invocations=10 (full 0):
 garbage-first heap   total 104448K, used 49305K [0x0000000706200000, 0x0000000800000000)
  region size 2048K, 3 young (6144K), 3 survivors (6144K)
 Metaspace       used 30489K, committed 30848K, reserved 1114112K
  class space    used 3489K, committed 3648K, reserved 1048576K
}
Event: 25.872 GC heap before
{Heap before GC invocations=10 (full 0):
 garbage-first heap   total 104448K, used 77977K [0x0000000706200000, 0x0000000800000000)
  region size 2048K, 16 young (32768K), 3 survivors (6144K)
 Metaspace       used 30573K, committed 30912K, reserved 1114112K
  class space    used 3490K, committed 3648K, reserved 1048576K
}
Event: 25.893 GC heap after
{Heap after GC invocations=11 (full 0):
 garbage-first heap   total 104448K, used 59667K [0x0000000706200000, 0x0000000800000000)
  region size 2048K, 2 young (4096K), 2 survivors (4096K)
 Metaspace       used 30573K, committed 30912K, reserved 1114112K
  class space    used 3490K, committed 3648K, reserved 1048576K
}
Event: 26.423 GC heap before
{Heap before GC invocations=11 (full 0):
 garbage-first heap   total 104448K, used 76051K [0x0000000706200000, 0x0000000800000000)
  region size 2048K, 10 young (20480K), 2 survivors (4096K)
 Metaspace       used 30577K, committed 30912K, reserved 1114112K
  class space    used 3490K, committed 3648K, reserved 1048576K
}
Event: 26.433 GC heap after
{Heap after GC invocations=12 (full 0):
 garbage-first heap   total 104448K, used 64741K [0x0000000706200000, 0x0000000800000000)
  region size 2048K, 2 young (4096K), 2 survivors (4096K)
 Metaspace       used 30577K, committed 30912K, reserved 1114112K
  class space    used 3490K, committed 3648K, reserved 1048576K
}
Event: 28.618 GC heap before
{Heap before GC invocations=13 (full 0):
 garbage-first heap   total 112640K, used 74981K [0x0000000706200000, 0x0000000800000000)
  region size 2048K, 9 young (18432K), 2 survivors (4096K)
 Metaspace       used 28821K, committed 29888K, reserved 1114112K
  class space    used 3274K, committed 3584K, reserved 1048576K
}
Event: 28.628 GC heap after
{Heap after GC invocations=14 (full 0):
 garbage-first heap   total 112640K, used 67222K [0x0000000706200000, 0x0000000800000000)
  region size 2048K, 2 young (4096K), 2 survivors (4096K)
 Metaspace       used 28821K, committed 29888K, reserved 1114112K
  class space    used 3274K, committed 3584K, reserved 1048576K
}
Event: 28.735 GC heap before
{Heap before GC invocations=14 (full 0):
 garbage-first heap   total 112640K, used 69270K [0x0000000706200000, 0x0000000800000000)
  region size 2048K, 3 young (6144K), 2 survivors (4096K)
 Metaspace       used 28829K, committed 29888K, reserved 1114112K
  class space    used 3274K, committed 3584K, reserved 1048576K
}
Event: 28.748 GC heap after
{Heap after GC invocations=15 (full 0):
 garbage-first heap   total 112640K, used 57899K [0x0000000706200000, 0x0000000800000000)
  region size 2048K, 1 young (2048K), 1 survivors (2048K)
 Metaspace       used 28829K, committed 29888K, reserved 1114112K
  class space    used 3274K, committed 3584K, reserved 1048576K
}
Event: 28.858 GC heap before
{Heap before GC invocations=15 (full 0):
 garbage-first heap   total 112640K, used 59947K [0x0000000706200000, 0x0000000800000000)
  region size 2048K, 2 young (4096K), 1 survivors (2048K)
 Metaspace       used 28835K, committed 29888K, reserved 1114112K
  class space    used 3274K, committed 3584K, reserved 1048576K
}
Event: 28.863 GC heap after
{Heap after GC invocations=16 (full 0):
 garbage-first heap   total 112640K, used 55258K [0x0000000706200000, 0x0000000800000000)
  region size 2048K, 1 young (2048K), 1 survivors (2048K)
 Metaspace       used 28835K, committed 29888K, reserved 1114112K
  class space    used 3274K, committed 3584K, reserved 1048576K
}
Event: 30.566 GC heap before
{Heap before GC invocations=16 (full 0):
 garbage-first heap   total 112640K, used 79834K [0x0000000706200000, 0x0000000800000000)
  region size 2048K, 13 young (26624K), 1 survivors (2048K)
 Metaspace       used 29613K, committed 30016K, reserved 1114112K
  class space    used 3372K, committed 3584K, reserved 1048576K
}

