# JRE version: OpenJDK Runtime Environment Temurin-17.0.18+8 (17.0.18+8) (build 17.0.18+8)
# Java VM: OpenJDK 64-Bit Server VM Temurin-17.0.18+8 (17.0.18+8, mixed mode, sharing, tiered, compressed oops, compressed class ptrs, g1 gc, windows-amd64)
GC Precious Log:
 CPUs: 8 total, 8 available
 Memory: 15984M
 Large Page Support: Disabled
 NUMA Support: Disabled
 Compressed Oops: Enabled (Zero based)
 Heap Region Size: 2M
 Heap Min Capacity: 8M
 Heap Initial Capacity: 250M
 Heap Max Capacity: 3998M
 Pre-touch: Disabled
 Parallel Workers: 8
 Concurrent Workers: 2
 Concurrent Refinement Workers: 8
 Periodic GC: Disabled
Heap:
 garbage-first heap   total 256000K, used 44248K [0x0000000706200000, 0x0000000800000000)
  region size 2048K, 1 young (2048K), 1 survivors (2048K)
 Metaspace       used 30677K, committed 31104K, reserved 1114112K
  class space    used 3524K, committed 3712K, reserved 1048576K
GC Heap History (20 events):
Event: 8.084 GC heap after
{Heap after GC invocations=6 (full 0):
 garbage-first heap   total 102400K, used 38251K [0x0000000706200000, 0x0000000800000000)
  region size 2048K, 10 young (20480K), 10 survivors (20480K)
 Metaspace       used 26490K, committed 26752K, reserved 1114112K
  class space    used 3072K, committed 3200K, reserved 1048576K
}
Event: 9.126 GC heap before
{Heap before GC invocations=6 (full 0):
 garbage-first heap   total 102400K, used 71019K [0x0000000706200000, 0x0000000800000000)
  region size 2048K, 26 young (53248K), 10 survivors (20480K)
 Metaspace       used 28315K, committed 28672K, reserved 1114112K
  class space    used 3289K, committed 3456K, reserved 1048576K
}
Event: 9.148 GC heap after
{Heap after GC invocations=7 (full 0):
 garbage-first heap   total 102400K, used 40816K [0x0000000706200000, 0x0000000800000000)
  region size 2048K, 2 young (4096K), 2 survivors (4096K)
 Metaspace       used 28315K, committed 28672K, reserved 1114112K
  class space    used 3289K, committed 3456K, reserved 1048576K
}
Event: 10.142 GC heap before
{Heap before GC invocations=7 (full 0):
 garbage-first heap   total 102400K, used 75632K [0x0000000706200000, 0x0000000800000000)
  region size 2048K, 19 young (38912K), 2 survivors (4096K)
 Metaspace       used 30230K, committed 30528K, reserved 1114112K
  class space    used 3507K, committed 3648K, reserved 1048576K
}
Event: 10.156 GC heap after
{Heap after GC invocations=8 (full 0):
 garbage-first heap   total 102400K, used 41906K [0x0000000706200000, 0x0000000800000000)
  region size 2048K, 2 young (4096K), 2 survivors (4096K)
 Metaspace       used 30230K, committed 30528K, reserved 1114112K
  class space    used 3507K, committed 3648K, reserved 1048576K
}
Event: 10.870 GC heap before
{Heap before GC invocations=8 (full 0):
 garbage-first heap   total 102400K, used 76722K [0x0000000706200000, 0x0000000800000000)
  region size 2048K, 19 young (38912K), 2 survivors (4096K)
 Metaspace       used 30306K, committed 30656K, reserved 1114112K
  class space    used 3508K, committed 3648K, reserved 1048576K
}
Event: 10.892 GC heap after
{Heap after GC invocations=9 (full 0):
 garbage-first heap   total 102400K, used 51485K [0x0000000706200000, 0x0000000800000000)
  region size 2048K, 3 young (6144K), 3 survivors (6144K)
 Metaspace       used 30306K, committed 30656K, reserved 1114112K
  class space    used 3508K, committed 3648K, reserved 1048576K
}
Event: 11.165 GC heap before
{Heap before GC invocations=9 (full 0):
 garbage-first heap   total 102400K, used 74013K [0x0000000706200000, 0x0000000800000000)
  region size 2048K, 14 young (28672K), 3 survivors (6144K)
 Metaspace       used 30312K, committed 30656K, reserved 1114112K
  class space    used 3508K, committed 3648K, reserved 1048576K
}
Event: 11.185 GC heap after
{Heap after GC invocations=10 (full 0):
 garbage-first heap   total 122880K, used 58868K [0x0000000706200000, 0x0000000800000000)
  region size 2048K, 2 young (4096K), 2 survivors (4096K)
 Metaspace       used 30312K, committed 30656K, reserved 1114112K
  class space    used 3508K, committed 3648K, reserved 1048576K
}
Event: 11.958 GC heap before
{Heap before GC invocations=11 (full 0):
 garbage-first heap   total 122880K, used 87540K [0x0000000706200000, 0x0000000800000000)
  region size 2048K, 17 young (34816K), 2 survivors (4096K)
 Metaspace       used 30898K, committed 31296K, reserved 1114112K
  class space    used 3584K, committed 3776K, reserved 1048576K
}
Event: 11.974 GC heap after
{Heap after GC invocations=12 (full 0):
 garbage-first heap   total 122880K, used 65520K [0x0000000706200000, 0x0000000800000000)
  region size 2048K, 3 young (6144K), 3 survivors (6144K)
 Metaspace       used 30898K, committed 31296K, reserved 1114112K
  class space    used 3584K, committed 3776K, reserved 1048576K
}
Event: 12.127 GC heap before
{Heap before GC invocations=12 (full 0):
 garbage-first heap   total 122880K, used 67568K [0x0000000706200000, 0x0000000800000000)
  region size 2048K, 4 young (8192K), 3 survivors (6144K)
 Metaspace       used 30980K, committed 31360K, reserved 1114112K
  class space    used 3595K, committed 3776K, reserved 1048576K
}
Event: 12.138 GC heap after
{Heap after GC invocations=13 (full 0):
 garbage-first heap   total 122880K, used 62334K [0x0000000706200000, 0x0000000800000000)
  region size 2048K, 1 young (2048K), 1 survivors (2048K)
 Metaspace       used 30980K, committed 31360K, reserved 1114112K
  class space    used 3595K, committed 3776K, reserved 1048576K
}
Event: 12.686 GC heap before
{Heap before GC invocations=13 (full 0):
 garbage-first heap   total 122880K, used 88958K [0x0000000706200000, 0x0000000800000000)
  region size 2048K, 14 young (28672K), 1 survivors (2048K)
 Metaspace       used 31798K, committed 32128K, reserved 1114112K
  class space    used 3679K, committed 3840K, reserved 1048576K
}
Event: 12.694 GC heap after
{Heap after GC invocations=14 (full 0):
 garbage-first heap   total 122880K, used 62872K [0x0000000706200000, 0x0000000800000000)
  region size 2048K, 1 young (2048K), 1 survivors (2048K)
 Metaspace       used 31798K, committed 32128K, reserved 1114112K
  class space    used 3679K, committed 3840K, reserved 1048576K
}
Event: 13.222 GC heap before
{Heap before GC invocations=15 (full 0):
 garbage-first heap   total 122880K, used 89496K [0x0000000706200000, 0x0000000800000000)
  region size 2048K, 16 young (32768K), 1 survivors (2048K)
 Metaspace       used 30677K, committed 31104K, reserved 1114112K
  class space    used 3524K, committed 3712K, reserved 1048576K
}
Event: 13.228 GC heap after
{Heap after GC invocations=16 (full 0):
 garbage-first heap   total 122880K, used 64360K [0x0000000706200000, 0x0000000800000000)
  region size 2048K, 2 young (4096K), 2 survivors (4096K)
 Metaspace       used 30677K, committed 31104K, reserved 1114112K
  class space    used 3524K, committed 3712K, reserved 1048576K
}
Event: 13.230 GC heap before
{Heap before GC invocations=16 (full 0):
 garbage-first heap   total 122880K, used 66408K [0x0000000706200000, 0x0000000800000000)
  region size 2048K, 3 young (6144K), 2 survivors (4096K)
 Metaspace       used 30677K, committed 31104K, reserved 1114112K
  class space    used 3524K, committed 3712K, reserved 1048576K
}
Event: 13.239 GC heap after
{Heap after GC invocations=17 (full 0):
 garbage-first heap   total 122880K, used 54626K [0x0000000706200000, 0x0000000800000000)
  region size 2048K, 1 young (2048K), 1 survivors (2048K)
 Metaspace       used 30677K, committed 31104K, reserved 1114112K
  class space    used 3524K, committed 3712K, reserved 1048576K
}
Event: 13.254 GC heap before
{Heap before GC invocations=17 (full 0):
 garbage-first heap   total 122880K, used 56674K [0x0000000706200000, 0x0000000800000000)
  region size 2048K, 3 young (6144K), 1 survivors (2048K)
 Metaspace       used 30677K, committed 31104K, reserved 1114112K
  class space    used 3524K, committed 3712K, reserved 1048576K
}

